#
# A fatal error has been detected by the Java Runtime Environment:
#
#  Internal Error (javaCalls.cpp:51), pid=7620, tid=0x00000000000052c0
#  guarantee(thread->is_Java_thread()) failed: crucial check - the VM thread cannot and must not escape to Java code
#
# JRE version: Java(TM) SE Runtime Environment (8.0_192-b12) (build 1.8.0_192-b12)
# Java VM: Java HotSpot(TM) 64-Bit Server VM (25.192-b12 mixed mode windows-amd64 compressed oops)
# Failed to write core dump. Minidumps are not enabled by default on client versions of Windows
#
# If you would like to submit a bug report, please visit:
#   http://bugreport.java.com/bugreport/crash.jsp
#

---------------  T H R E A D  ---------------

Current thread (0x000000001c5c5800):  VMThread [stack: 0x000000001ed10000,0x000000001ee10000] [id=21184]

Stack: [0x000000001ed10000,0x000000001ee10000]
[error occurred during error reporting (printing stack bounds), id 0xc0000005]

Native frames: (J=compiled Java code, j=interpreted, Vv=VM code, C=native code)

VM_Operation (0x000000001f73f6b0): GetOrSetLocal, mode: safepoint, requested by thread 0x000000001dcbd000


---------------  P R O C E S S  ---------------

Java Threads: ( => current thread )
  0x00000000435ed800 JavaThread "flink-akka.actor.default-dispatcher-47" [_thread_blocked, id=14700, stack(0x000000004b640000,0x000000004b740000)]
  0x00000000435e6000 JavaThread "flink-akka.actor.default-dispatcher-46" [_thread_blocked, id=8560, stack(0x000000004b540000,0x000000004b640000)]
  0x00000000435eb800 JavaThread "LeftOuterJoin (Join at with(JoinOperatorSetsBase.java:239)) (2/2)" [_thread_blocked, id=18960, stack(0x0000000047b70000,0x0000000047c70000)]
  0x00000000435ec000 JavaThread "LeftOuterJoin (Join at with(JoinOperatorSetsBase.java:239)) (1/2)" [_thread_blocked, id=21196, stack(0x0000000047a70000,0x0000000047b70000)]
  0x00000000435e4000 JavaThread "jobmanager-future-thread-12" daemon [_thread_blocked, id=8924, stack(0x0000000047970000,0x0000000047a70000)]
  0x00000000435ea000 JavaThread "jobmanager-future-thread-11" daemon [_thread_blocked, id=8804, stack(0x0000000047870000,0x0000000047970000)]
  0x00000000435e9000 JavaThread "jobmanager-future-thread-10" daemon [_thread_blocked, id=21684, stack(0x0000000047270000,0x0000000047370000)]
  0x00000000435e5800 JavaThread "CHAIN DataSource (at setInput(MainPayload.java:75) (org.apache.flink.api.java.io.TextInputFormat)) -> FlatMap (FlatMap at processInput(MainPayload.java:82)) (1/2)" [_thread_blocked, id=13100, stack(0x0000000047170000,0x0000000047270000)]
  0x00000000435e4800 JavaThread "jobmanager-future-thread-9" daemon [_thread_blocked, id=22276, stack(0x0000000047070000,0x0000000047170000)]
  0x00000000435e7800 JavaThread "jobmanager-future-thread-8" daemon [_thread_blocked, id=4744, stack(0x0000000046e70000,0x0000000046f70000)]
  0x0000000020f8b000 JavaThread "CHAIN DataSource (at setInput(MainPayload.java:75) (org.apache.flink.api.java.io.TextInputFormat)) -> FlatMap (FlatMap at processInput(MainPayload.java:82)) (2/2)" [_thread_blocked, id=13704, stack(0x0000000046d70000,0x0000000046e70000)]
  0x0000000020f8d800 JavaThread "jobmanager-future-thread-7" daemon [_thread_blocked, id=17812, stack(0x0000000046c70000,0x0000000046d70000)]
  0x0000000020f8c800 JavaThread "jobmanager-future-thread-6" daemon [_thread_blocked, id=6436, stack(0x0000000046a70000,0x0000000046b70000)]
  0x0000000020f90800 JavaThread "CloseableReaperThread" daemon [_thread_blocked, id=9432, stack(0x0000000046970000,0x0000000046a70000)]
  0x0000000020f89000 JavaThread "jobmanager-future-thread-5" daemon [_thread_blocked, id=20168, stack(0x0000000046770000,0x0000000046870000)]
  0x0000000020f8f800 JavaThread "Flink-MetricRegistry-thread-1" daemon [_thread_blocked, id=22136, stack(0x0000000046570000,0x0000000046670000)]
  0x0000000020f8e000 JavaThread "jobmanager-future-thread-4" daemon [_thread_blocked, id=15760, stack(0x0000000046470000,0x0000000046570000)]
  0x0000000020f8f000 JavaThread "pool-1-thread-1" [_thread_blocked, id=15736, stack(0x0000000046370000,0x0000000046470000)]
  0x0000000020f81800 JavaThread "jobmanager-future-thread-3" daemon [_thread_blocked, id=16980, stack(0x0000000046270000,0x0000000046370000)]
  0x0000000020f87800 JavaThread "FlinkCompletableFutureDelayScheduler-thread-1" daemon [_thread_blocked, id=12868, stack(0x0000000046170000,0x0000000046270000)]
  0x0000000020f86800 JavaThread "jobmanager-future-thread-2" daemon [_thread_blocked, id=4120, stack(0x0000000046070000,0x0000000046170000)]
  0x0000000020f85000 JavaThread "jobmanager-future-thread-1" daemon [_thread_blocked, id=20576, stack(0x0000000044b70000,0x0000000044c70000)]
  0x0000000020f86000 JavaThread "flink-rest-server-netty-boss-thread-1" daemon [_thread_in_native, id=18492, stack(0x0000000044a70000,0x0000000044b70000)]
  0x0000000020f84800 JavaThread "ObjectCleanerThread" daemon [_thread_blocked, id=20784, stack(0x0000000044970000,0x0000000044a70000)]
  0x0000000020f82000 JavaThread "IOManager reader thread #1" daemon [_thread_blocked, id=19072, stack(0x00000000438a0000,0x00000000439a0000)]
  0x0000000020f83000 JavaThread "IOManager writer thread #1" daemon [_thread_blocked, id=1748, stack(0x00000000437a0000,0x00000000438a0000)]
  0x0000000020f83800 JavaThread "Timer-2" daemon [_thread_blocked, id=17864, stack(0x000000002ab50000,0x000000002ac50000)]
  0x00000000293be800 JavaThread "Timer-1" daemon [_thread_blocked, id=19260, stack(0x000000002a950000,0x000000002aa50000)]
  0x00000000293c1800 JavaThread "BLOB Server listener at 63856" daemon [_thread_in_native, id=18092, stack(0x000000002a850000,0x000000002a950000)]
  0x00000000293bd800 JavaThread "Timer-0" daemon [_thread_blocked, id=16780, stack(0x000000002a750000,0x000000002a850000)]
  0x00000000293bf000 JavaThread "flink-metrics-akka.remote.default-remote-dispatcher-13" [_thread_blocked, id=11336, stack(0x000000002a650000,0x000000002a750000)]
  0x00000000293c4800 JavaThread "flink-metrics-akka.remote.default-remote-dispatcher-12" [_thread_blocked, id=17608, stack(0x000000002a550000,0x000000002a650000)]
  0x00000000293c3800 JavaThread "New I/O server boss #6" [_thread_in_native, id=20872, stack(0x000000002a450000,0x000000002a550000)]
  0x00000000293c3000 JavaThread "New I/O worker #5" [_thread_in_native, id=12428, stack(0x000000002a350000,0x000000002a450000)]
  0x00000000293c2000 JavaThread "New I/O worker #4" [_thread_in_native, id=15892, stack(0x000000002a250000,0x000000002a350000)]
  0x00000000293c0000 JavaThread "New I/O boss #3" [_thread_in_native, id=22068, stack(0x000000002a150000,0x000000002a250000)]
  0x0000000021676000 JavaThread "New I/O worker #2" [_thread_in_native, id=21740, stack(0x000000002a050000,0x000000002a150000)]
  0x000000002630c000 JavaThread "New I/O worker #1" [_thread_in_native, id=13056, stack(0x0000000028f80000,0x0000000029080000)]
  0x0000000022fec800 JavaThread "flink-metrics-akka.remote.default-remote-dispatcher-4" [_thread_blocked, id=7668, stack(0x00000000282c0000,0x00000000283c0000)]
  0x000000002419a800 JavaThread "flink-metrics-akka.remote.default-remote-dispatcher-3" [_thread_blocked, id=15104, stack(0x00000000281c0000,0x00000000282c0000)]
  0x0000000024525800 JavaThread "flink-metrics-scheduler-1" [_thread_blocked, id=7368, stack(0x0000000027fc0000,0x00000000280c0000)]
  0x00000000242d2000 JavaThread "flink-scheduler-1" [_thread_blocked, id=19716, stack(0x00000000228e0000,0x00000000229e0000)]
  0x000000001dffb000 JavaThread "Service Thread" daemon [_thread_blocked, id=18572, stack(0x0000000020540000,0x0000000020640000)]
  0x000000001e021000 JavaThread "C1 CompilerThread3" daemon [_thread_blocked, id=22428, stack(0x0000000020440000,0x0000000020540000)]
  0x000000001e020800 JavaThread "C2 CompilerThread2" daemon [_thread_blocked, id=22480, stack(0x0000000020340000,0x0000000020440000)]
  0x000000001f9d5000 JavaThread "C2 CompilerThread1" daemon [_thread_blocked, id=9660, stack(0x0000000020240000,0x0000000020340000)]
  0x000000001dfff000 JavaThread "C2 CompilerThread0" daemon [_thread_blocked, id=19316, stack(0x0000000020140000,0x0000000020240000)]
  0x000000001dccd800 JavaThread "JDWP Command Reader" daemon [_thread_in_native, id=19160, stack(0x000000001f840000,0x000000001f940000)]
  0x000000001dcc8800 JavaThread "JDWP Event Helper Thread" daemon [_thread_blocked, id=15584, stack(0x000000001f740000,0x000000001f840000)]
  0x000000001dcbd000 JavaThread "JDWP Transport Listener: dt_socket" daemon [_thread_blocked, id=10580, stack(0x000000001f640000,0x000000001f740000)]
  0x000000001dcb0000 JavaThread "Attach Listener" daemon [_thread_blocked, id=9024, stack(0x000000001f200000,0x000000001f300000)]
  0x000000001dcad000 JavaThread "Signal Dispatcher" daemon [_thread_blocked, id=8948, stack(0x000000001f100000,0x000000001f200000)]
  0x000000001dca3800 JavaThread "Finalizer" daemon [_thread_blocked, id=7880, stack(0x000000001ef10000,0x000000001f010000)]
  0x0000000002b0e000 JavaThread "Reference Handler" daemon [_thread_blocked, id=5416, stack(0x000000001ee10000,0x000000001ef10000)]
  0x0000000002a14800 JavaThread "main" [_thread_blocked, id=19628, stack(0x0000000002780000,0x0000000002880000)]

Other Threads:
=>0x000000001c5c5800 VMThread [stack: 0x000000001ed10000,0x000000001ee10000] [id=21184]
  0x000000001f99c000 WatcherThread [stack: 0x0000000020640000,0x0000000020740000] [id=12128]

VM state:at safepoint (normal execution)

VM Mutex/Monitor currently owned by a thread:  ([mutex/lock_event])
[0x0000000002a11e50] Threads_lock - owner thread: 0x000000001c5c5800

heap address: 0x00000006c4000000, size: 4032 MB, Compressed Oops mode: Zero based, Oop shift amount: 3
Narrow klass base: 0x0000000000000000, Narrow klass shift: 3
Compressed class space size: 1073741824 Address: 0x00000007c0000000

Heap:
 PSYoungGen      total 948736K, used 177288K [0x000000076c000000, 0x00000007bfe80000, 0x00000007c0000000)
  eden space 596992K, 29% used [0x000000076c000000,0x0000000776cd22a0,0x0000000790700000)
  from space 351744K, 0% used [0x0000000790700000,0x0000000790750000,0x00000007a5e80000)
  to   space 340480K, 0% used [0x00000007ab200000,0x00000007ab200000,0x00000007bfe80000)
 ParOldGen       total 1906688K, used 1301720K [0x00000006c4000000, 0x0000000738600000, 0x000000076c000000)
  object space 1906688K, 68% used [0x00000006c4000000,0x00000007137363c8,0x0000000738600000)
 Metaspace       used 36477K, capacity 37594K, committed 37760K, reserved 1081344K
  class space    used 4970K, capacity 5207K, committed 5248K, reserved 1048576K

Card table byte_map: [0x0000000011ed0000,0x00000000126c0000] byte_map_base: 0x000000000e8b0000

Marking Bits: (ParMarkBitMap*) 0x000000006cdc3ce0
 Begin Bits: [0x0000000013600000, 0x0000000017500000)
 End Bits:   [0x0000000017500000, 0x000000001b400000)

Polling page: 0x00000000007f0000

CodeCache: size=245760Kb used=9566Kb max_used=10962Kb free=236193Kb
 bounds [0x0000000002b10000, 0x00000000035d0000, 0x0000000011b10000]
 total_blobs=3134 nmethods=2636 adapters=418
 compilation: enabled

Compilation events (10 events):
Event: 219.981 Thread 0x000000001e021000 3229       3       scala.collection.AbstractSet::<init> (33 bytes)
Event: 219.982 Thread 0x000000001e021000 nmethod 3229 0x0000000002e2eb10 code [0x0000000002e2ed00, 0x0000000002e2f510]
Event: 219.982 Thread 0x000000001e021000 3230       3       scala.collection.GenSetLike$class::$init$ (1 bytes)
Event: 219.982 Thread 0x000000001e021000 nmethod 3230 0x00000000030008d0 code [0x0000000003000a20, 0x0000000003000b50]
Event: 222.031 Thread 0x000000001e021000 3231       3       java.util.concurrent.CompletableFuture::screenExecutor (31 bytes)
Event: 222.032 Thread 0x000000001e021000 nmethod 3231 0x0000000002e0b350 code [0x0000000002e0b4c0, 0x0000000002e0b708]
Event: 222.032 Thread 0x000000001e021000 3232       3       scala.collection.mutable.ListBuffer::scala$collection$mutable$ListBuffer$$start_$eq (6 bytes)
Event: 222.032 Thread 0x000000001e021000 nmethod 3232 0x0000000003081650 code [0x00000000030817a0, 0x0000000003081910]
Event: 222.033 Thread 0x000000001e021000 3233       1       org.apache.flink.runtime.heartbeat.HeartbeatManagerImpl::getOwnResourceID (5 bytes)
Event: 222.033 Thread 0x000000001e021000 nmethod 3233 0x0000000002da0950 code [0x0000000002da0aa0, 0x0000000002da0bb0]

GC Heap History (10 events):
Event: 4.655 GC heap before
{Heap before GC invocations=20 (full 6):
 PSYoungGen      total 714752K, used 667477K [0x000000076c000000, 0x00000007b8f80000, 0x00000007c0000000)
  eden space 386560K, 100% used [0x000000076c000000,0x0000000783980000,0x0000000783980000)
  from space 328192K, 85% used [0x0000000783980000,0x0000000794bd5710,0x0000000797a00000)
  to   space 371200K, 0% used [0x00000007a2500000,0x00000007a2500000,0x00000007b8f80000)
 ParOldGen       total 1509376K, used 1021814K [0x00000006c4000000, 0x0000000720200000, 0x000000076c000000)
  object space 1509376K, 67% used [0x00000006c4000000,0x00000007025dd830,0x0000000720200000)
 Metaspace       used 36142K, capacity 37154K, committed 37504K, reserved 1081344K
  class space    used 4956K, capacity 5189K, committed 5248K, reserved 1048576K
Event: 4.709 GC heap after
Heap after GC invocations=20 (full 6):
 PSYoungGen      total 843776K, used 256K [0x000000076c000000, 0x00000007b7580000, 0x00000007c0000000)
  eden space 499200K, 0% used [0x000000076c000000,0x000000076c000000,0x000000078a780000)
  from space 344576K, 0% used [0x00000007a2500000,0x00000007a2540000,0x00000007b7580000)
  to   space 367616K, 0% used [0x000000078a780000,0x000000078a780000,0x00000007a0e80000)
 ParOldGen       total 1509376K, used 1302755K [0x00000006c4000000, 0x0000000720200000, 0x000000076c000000)
  object space 1509376K, 86% used [0x00000006c4000000,0x0000000713838f48,0x0000000720200000)
 Metaspace       used 36142K, capacity 37154K, committed 37504K, reserved 1081344K
  class space    used 4956K, capacity 5189K, committed 5248K, reserved 1048576K
}
Event: 4.709 GC heap before
{Heap before GC invocations=21 (full 7):
 PSYoungGen      total 843776K, used 256K [0x000000076c000000, 0x00000007b7580000, 0x00000007c0000000)
  eden space 499200K, 0% used [0x000000076c000000,0x000000076c000000,0x000000078a780000)
  from space 344576K, 0% used [0x00000007a2500000,0x00000007a2540000,0x00000007b7580000)
  to   space 367616K, 0% used [0x000000078a780000,0x000000078a780000,0x00000007a0e80000)
 ParOldGen       total 1509376K, used 1302755K [0x00000006c4000000, 0x0000000720200000, 0x000000076c000000)
  object space 1509376K, 86% used [0x00000006c4000000,0x0000000713838f48,0x0000000720200000)
 Metaspace       used 36142K, capacity 37154K, committed 37504K, reserved 1081344K
  class space    used 4956K, capacity 5189K, committed 5248K, reserved 1048576K
Event: 4.844 GC heap after
Heap after GC invocations=21 (full 7):
 PSYoungGen      total 843776K, used 0K [0x000000076c000000, 0x00000007b7580000, 0x00000007c0000000)
  eden space 499200K, 0% used [0x000000076c000000,0x000000076c000000,0x000000078a780000)
  from space 344576K, 0% used [0x00000007a2500000,0x00000007a2500000,0x00000007b7580000)
  to   space 367616K, 0% used [0x000000078a780000,0x000000078a780000,0x00000007a0e80000)
 ParOldGen       total 1906688K, used 1301704K [0x00000006c4000000, 0x0000000738600000, 0x000000076c000000)
  object space 1906688K, 68% used [0x00000006c4000000,0x00000007137323c8,0x0000000738600000)
 Metaspace       used 36141K, capacity 37152K, committed 37504K, reserved 1081344K
  class space    used 4955K, capacity 5188K, committed 5248K, reserved 1048576K
}
Event: 5.214 GC heap before
{Heap before GC invocations=22 (full 7):
 PSYoungGen      total 843776K, used 499200K [0x000000076c000000, 0x00000007b7580000, 0x00000007c0000000)
  eden space 499200K, 100% used [0x000000076c000000,0x000000078a780000,0x000000078a780000)
  from space 344576K, 0% used [0x00000007a2500000,0x00000007a2500000,0x00000007b7580000)
  to   space 367616K, 0% used [0x000000078a780000,0x000000078a780000,0x00000007a0e80000)
 ParOldGen       total 1906688K, used 1301704K [0x00000006c4000000, 0x0000000738600000, 0x000000076c000000)
  object space 1906688K, 68% used [0x00000006c4000000,0x00000007137323c8,0x0000000738600000)
 Metaspace       used 36165K, capacity 37152K, committed 37504K, reserved 1081344K
  class space    used 4955K, capacity 5188K, committed 5248K, reserved 1048576K
Event: 5.216 GC heap after
Heap after GC invocations=22 (full 7):
 PSYoungGen      total 866816K, used 224K [0x000000076c000000, 0x00000007bd980000, 0x00000007c0000000)
  eden space 499200K, 0% used [0x000000076c000000,0x000000076c000000,0x000000078a780000)
  from space 367616K, 0% used [0x000000078a780000,0x000000078a7b8000,0x00000007a0e80000)
  to   space 360448K, 0% used [0x00000007a7980000,0x00000007a7980000,0x00000007bd980000)
 ParOldGen       total 1906688K, used 1301712K [0x00000006c4000000, 0x0000000738600000, 0x000000076c000000)
  object space 1906688K, 68% used [0x00000006c4000000,0x00000007137343c8,0x0000000738600000)
 Metaspace       used 36165K, capacity 37152K, committed 37504K, reserved 1081344K
  class space    used 4955K, capacity 5188K, committed 5248K, reserved 1048576K
}
Event: 5.584 GC heap before
{Heap before GC invocations=23 (full 7):
 PSYoungGen      total 866816K, used 499424K [0x000000076c000000, 0x00000007bd980000, 0x00000007c0000000)
  eden space 499200K, 100% used [0x000000076c000000,0x000000078a780000,0x000000078a780000)
  from space 367616K, 0% used [0x000000078a780000,0x000000078a7b8000,0x00000007a0e80000)
  to   space 360448K, 0% used [0x00000007a7980000,0x00000007a7980000,0x00000007bd980000)
 ParOldGen       total 1906688K, used 1301712K [0x00000006c4000000, 0x0000000738600000, 0x000000076c000000)
  object space 1906688K, 68% used [0x00000006c4000000,0x00000007137343c8,0x0000000738600000)
 Metaspace       used 36165K, capacity 37152K, committed 37504K, reserved 1081344K
  class space    used 4955K, capacity 5188K, committed 5248K, reserved 1048576K
Event: 5.587 GC heap after
Heap after GC invocations=23 (full 7):
 PSYoungGen      total 921088K, used 320K [0x000000076c000000, 0x00000007bb600000, 0x00000007c0000000)
  eden space 596992K, 0% used [0x000000076c000000,0x000000076c000000,0x0000000790700000)
  from space 324096K, 0% used [0x00000007a7980000,0x00000007a79d0000,0x00000007bb600000)
  to   space 351744K, 0% used [0x0000000790700000,0x0000000790700000,0x00000007a5e80000)
 ParOldGen       total 1906688K, used 1301712K [0x00000006c4000000, 0x0000000738600000, 0x000000076c000000)
  object space 1906688K, 68% used [0x00000006c4000000,0x00000007137343c8,0x0000000738600000)
 Metaspace       used 36165K, capacity 37152K, committed 37504K, reserved 1081344K
  class space    used 4955K, capacity 5188K, committed 5248K, reserved 1048576K
}
Event: 5.976 GC heap before
{Heap before GC invocations=24 (full 7):
 PSYoungGen      total 921088K, used 597312K [0x000000076c000000, 0x00000007bb600000, 0x00000007c0000000)
  eden space 596992K, 100% used [0x000000076c000000,0x0000000790700000,0x0000000790700000)
  from space 324096K, 0% used [0x00000007a7980000,0x00000007a79d0000,0x00000007bb600000)
  to   space 351744K, 0% used [0x0000000790700000,0x0000000790700000,0x00000007a5e80000)
 ParOldGen       total 1906688K, used 1301712K [0x00000006c4000000, 0x0000000738600000, 0x000000076c000000)
  object space 1906688K, 68% used [0x00000006c4000000,0x00000007137343c8,0x0000000738600000)
 Metaspace       used 36180K, capacity 37160K, committed 37504K, reserved 1081344K
  class space    used 4955K, capacity 5188K, committed 5248K, reserved 1048576K
Event: 5.979 GC heap after
Heap after GC invocations=24 (full 7):
 PSYoungGen      total 948736K, used 320K [0x000000076c000000, 0x00000007bfe80000, 0x00000007c0000000)
  eden space 596992K, 0% used [0x000000076c000000,0x000000076c000000,0x0000000790700000)
  from space 351744K, 0% used [0x0000000790700000,0x0000000790750000,0x00000007a5e80000)
  to   space 340480K, 0% used [0x00000007ab200000,0x00000007ab200000,0x00000007bfe80000)
 ParOldGen       total 1906688K, used 1301720K [0x00000006c4000000, 0x0000000738600000, 0x000000076c000000)
  object space 1906688K, 68% used [0x00000006c4000000,0x00000007137363c8,0x0000000738600000)
 Metaspace       used 36180K, capacity 37160K, committed 37504K, reserved 1081344K
  class space    used 4955K, capacity 5188K, committed 5248K, reserved 1048576K
}

Deoptimization events (10 events):
Event: 5.274 Thread 0x0000000020f89800 Uncommon trap: reason=unstable_if action=reinterpret pc=0x0000000002c44274 method=org.apache.flink.runtime.io.network.buffer.BufferBuilder.isFull()Z @ 33
Event: 5.274 Thread 0x0000000020f89800 Uncommon trap: reason=unstable_if action=reinterpret pc=0x0000000002ee4fc4 method=java.util.Optional.isPresent()Z @ 4
Event: 5.482 Thread 0x0000000020f89800 Uncommon trap: reason=unstable_if action=reinterpret pc=0x0000000002fbd9a0 method=org.apache.flink.runtime.io.network.buffer.BufferBuilder.isFull()Z @ 33
Event: 5.646 Thread 0x0000000024525800 Uncommon trap: reason=unstable_if action=reinterpret pc=0x0000000003554edc method=akka.dispatch.AbstractNodeQueue.pollNode()Lakka/dispatch/AbstractNodeQueue$Node; @ 28
Event: 6.042 Thread 0x0000000020f89800 Uncommon trap: reason=unstable_if action=reinterpret pc=0x00000000032921dc method=java.util.zip.GZIPInputStream.read([BII)I @ 25
Event: 6.045 Thread 0x0000000020f89800 Uncommon trap: reason=unstable_if action=reinterpret pc=0x0000000002f34df4 method=org.apache.flink.api.common.io.DelimitedInputFormat.nextRecord(Ljava/lang/Object;)Ljava/lang/Object; @ 4
Event: 11.980 Thread 0x00000000293c4800 Uncommon trap: reason=unstable_if action=reinterpret pc=0x0000000003047f4c method=scala.concurrent.forkjoin.ForkJoinPool.scan(Lscala/concurrent/forkjoin/ForkJoinPool$WorkQueue;)Lscala/concurrent/forkjoin/ForkJoinTask; @ 427
Event: 11.981 Thread 0x0000000022fec800 Uncommon trap: reason=unhandled action=none pc=0x000000000337fbe0 method=java.net.URLClassLoader.findClass(Ljava/lang/String;)Ljava/lang/Class; @ 44
Event: 13.251 Thread 0x0000000025c85800 Uncommon trap: reason=unhandled action=none pc=0x000000000337fbe0 method=java.net.URLClassLoader.findClass(Ljava/lang/String;)Ljava/lang/Class; @ 44
Event: 96.982 Thread 0x000000002419a800 Uncommon trap: reason=unstable_if action=reinterpret pc=0x0000000002fcf428 method=scala.concurrent.forkjoin.ForkJoinPool.scan(Lscala/concurrent/forkjoin/ForkJoinPool$WorkQueue;)Lscala/concurrent/forkjoin/ForkJoinTask; @ 410

Classes redefined (2 events):
Event: 206.276 Thread 0x000000001c5c5800 redefined class name=rafi_naru.qsr.map.LaccimaFlatMap, count=1
Event: 227.361 Thread 0x000000001c5c5800 redefined class name=rafi_naru.qsr.map.LaccimaFlatMap, count=2

Internal exceptions (10 events):
Event: 3.224 Thread 0x00000000244d0800 Exception <a 'java/lang/NoSuchMethodError': java.lang.Object.lambda$unchecked$0(Lorg/apache/flink/util/function/CheckedSupplier;)Ljava/lang/Object;> (0x000000076d8a7e90) thrown at [C:\workspace\8-2-build-windows-amd64-cygwin\jdk8u192\11897\hotspot\src\sha
Event: 3.226 Thread 0x00000000244d0800 Exception <a 'java/lang/NoSuchMethodError': java.lang.Object.lambda$unchecked$0(Lorg/apache/flink/util/function/BiConsumerWithException;Ljava/lang/Object;Ljava/lang/Object;)V> (0x000000076d8be190) thrown at [C:\workspace\8-2-build-windows-amd64-cygwin\jdk
Event: 3.324 Thread 0x00000000293c0800 Exception <a 'java/lang/IncompatibleClassChangeError': Found class java.lang.Object, but interface was expected> (0x00000007779e3760) thrown at [C:\workspace\8-2-build-windows-amd64-cygwin\jdk8u192\11897\hotspot\src\share\vm\interpreter\linkResolver.cpp, 
Event: 3.332 Thread 0x00000000293c0800 Exception <a 'java/lang/NoSuchMethodError': java.lang.Object.lambda$identity$2(Ljava/lang/Object;)Ljava/lang/Object;> (0x0000000777c46b98) thrown at [C:\workspace\8-2-build-windows-amd64-cygwin\jdk8u192\11897\hotspot\src\share\vm\interpreter\linkResolver.
Event: 3.346 Thread 0x0000000025d11000 Exception <a 'java/lang/NoSuchMethodError': java.lang.Object.of(Ljava/lang/Object;)Ljava/util/stream/Stream;> (0x000000076d9dad10) thrown at [C:\workspace\8-2-build-windows-amd64-cygwin\jdk8u192\11897\hotspot\src\share\vm\interpreter\linkResolver.cpp, lin
Event: 3.347 Thread 0x0000000025d11000 Exception <a 'java/lang/NoSuchMethodError': java.lang.Object.empty()Ljava/util/stream/Stream;> (0x000000076d9df540) thrown at [C:\workspace\8-2-build-windows-amd64-cygwin\jdk8u192\11897\hotspot\src\share\vm\interpreter\linkResolver.cpp, line 620]
Event: 3.430 Thread 0x0000000025d11000 Exception <a 'java/lang/NoSuchMethodError': <clinit>> (0x000000076c5a7560) thrown at [C:\workspace\8-2-build-windows-amd64-cygwin\jdk8u192\11897\hotspot\src\share\vm\prims\jni.cpp, line 1613]
Event: 3.435 Thread 0x0000000020f89800 Implicit null exception at 0x00000000032f76c7 to 0x00000000032f7971
Event: 3.460 Thread 0x00000000293c0800 Exception <a 'java/lang/NoSuchMethodError': <clinit>> (0x000000076d6c4e98) thrown at [C:\workspace\8-2-build-windows-amd64-cygwin\jdk8u192\11897\hotspot\src\share\vm\prims\jni.cpp, line 1613]
Event: 5.274 Thread 0x0000000020f89800 Implicit null exception at 0x0000000002ee2627 to 0x0000000002ee4fa5

Events (10 events):
Event: 227.393 Executing VM operation: GetCurrentContendedMonitor done
Event: 227.394 Executing VM operation: GetCurrentContendedMonitor
Event: 227.394 Executing VM operation: GetCurrentContendedMonitor done
Event: 227.394 Executing VM operation: GetOwnedMonitorInfo
Event: 227.394 Executing VM operation: GetOwnedMonitorInfo done
Event: 227.395 Executing VM operation: GetCurrentContendedMonitor
Event: 227.395 Executing VM operation: GetCurrentContendedMonitor done
Event: 227.395 Executing VM operation: GetOwnedMonitorInfo
Event: 227.395 Executing VM operation: GetOwnedMonitorInfo done
Event: 227.402 Executing VM operation: GetOrSetLocal


Dynamic libraries:
0x00007ff663ab0000 - 0x00007ff663ae7000 	C:\Program Files\Java\jre1.8.0_192\bin\javaw.exe
0x00007ffe37790000 - 0x00007ffe37971000 	C:\Windows\SYSTEM32\ntdll.dll
0x00007ffe34c20000 - 0x00007ffe34cd2000 	C:\Windows\System32\KERNEL32.DLL
0x00007ffe33ce0000 - 0x00007ffe33f53000 	C:\Windows\System32\KERNELBASE.dll
0x00007ffe37410000 - 0x00007ffe374b1000 	C:\Windows\System32\ADVAPI32.dll
0x00007ffe37630000 - 0x00007ffe376ce000 	C:\Windows\System32\msvcrt.dll
0x00007ffe374c0000 - 0x00007ffe3751b000 	C:\Windows\System32\sechost.dll
0x00007ffe34ce0000 - 0x00007ffe34e04000 	C:\Windows\System32\RPCRT4.dll
0x00007ffe34f70000 - 0x00007ffe35100000 	C:\Windows\System32\USER32.dll
0x00007ffe34250000 - 0x00007ffe34270000 	C:\Windows\System32\win32u.dll
0x00007ffe36b10000 - 0x00007ffe36b38000 	C:\Windows\System32\GDI32.dll
0x00007ffe34310000 - 0x00007ffe344a2000 	C:\Windows\System32\gdi32full.dll
0x00007ffe34270000 - 0x00007ffe3430f000 	C:\Windows\System32\msvcp_win.dll
0x00007ffe33be0000 - 0x00007ffe33cda000 	C:\Windows\System32\ucrtbase.dll
0x00007ffe21370000 - 0x00007ffe215d9000 	C:\Windows\WinSxS\amd64_microsoft.windows.common-controls_6595b64144ccf1df_6.0.17134.441_none_fb3e9b173068fb23\COMCTL32.dll
0x00007ffe370e0000 - 0x00007ffe37402000 	C:\Windows\System32\combase.dll
0x00007ffe33b60000 - 0x00007ffe33bda000 	C:\Windows\System32\bcryptPrimitives.dll
0x00007ffe36e10000 - 0x00007ffe36e3d000 	C:\Windows\System32\IMM32.DLL
0x000000006c4c0000 - 0x000000006c591000 	C:\Program Files\Java\jre1.8.0_192\bin\msvcr100.dll
0x000000006c5a0000 - 0x000000006ce43000 	C:\Program Files\Java\jre1.8.0_192\bin\server\jvm.dll
0x00007ffe376d0000 - 0x00007ffe376d8000 	C:\Windows\System32\PSAPI.DLL
0x00007ffe22aa0000 - 0x00007ffe22aa9000 	C:\Windows\SYSTEM32\WSOCK32.dll
0x00007ffe29770000 - 0x00007ffe2977a000 	C:\Windows\SYSTEM32\VERSION.dll
0x00007ffe2e370000 - 0x00007ffe2e393000 	C:\Windows\SYSTEM32\WINMM.dll
0x00007ffe36b50000 - 0x00007ffe36bbc000 	C:\Windows\System32\WS2_32.dll
0x00007ffe2cd50000 - 0x00007ffe2cd7a000 	C:\Windows\SYSTEM32\winmmbase.dll
0x00007ffe33f60000 - 0x00007ffe33fa9000 	C:\Windows\System32\cfgmgr32.dll
0x00007ffe23ba0000 - 0x00007ffe23baf000 	C:\Program Files\Java\jre1.8.0_192\bin\verify.dll
0x00007ffe06ba0000 - 0x00007ffe06bc9000 	C:\Program Files\Java\jre1.8.0_192\bin\java.dll
0x00007ffe21b90000 - 0x00007ffe21bc5000 	C:\Program Files\Java\jre1.8.0_192\bin\jdwp.dll
0x00007ffe2a550000 - 0x00007ffe2a558000 	C:\Program Files\Java\jre1.8.0_192\bin\npt.dll
0x00007ffe12d10000 - 0x00007ffe12d33000 	C:\Program Files\Java\jre1.8.0_192\bin\instrument.dll
0x00007ffe22330000 - 0x00007ffe22346000 	C:\Program Files\Java\jre1.8.0_192\bin\zip.dll
0x00007ffe35160000 - 0x00007ffe365a0000 	C:\Windows\System32\SHELL32.dll
0x00007ffe37580000 - 0x00007ffe37629000 	C:\Windows\System32\shcore.dll
0x00007ffe34510000 - 0x00007ffe34c1d000 	C:\Windows\System32\windows.storage.dll
0x00007ffe37520000 - 0x00007ffe37571000 	C:\Windows\System32\shlwapi.dll
0x00007ffe33ab0000 - 0x00007ffe33ac1000 	C:\Windows\System32\kernel.appcore.dll
0x00007ffe33af0000 - 0x00007ffe33b0f000 	C:\Windows\System32\profapi.dll
0x00007ffe33b10000 - 0x00007ffe33b5c000 	C:\Windows\System32\powrprof.dll
0x00007ffe33aa0000 - 0x00007ffe33aaa000 	C:\Windows\System32\FLTLIB.DLL
0x00007ffe29ca0000 - 0x00007ffe29ca9000 	C:\Program Files\Java\jre1.8.0_192\bin\dt_socket.dll
0x00007ffdf7dd0000 - 0x00007ffdf7de6000 	C:\Windows\system32\napinsp.dll
0x00007ffdf7db0000 - 0x00007ffdf7dca000 	C:\Windows\system32\pnrpnsp.dll
0x00007ffe2c980000 - 0x00007ffe2c999000 	C:\Windows\system32\NLAapi.dll
0x00007ffe33320000 - 0x00007ffe33386000 	C:\Windows\System32\mswsock.dll
0x00007ffe330e0000 - 0x00007ffe3319e000 	C:\Windows\SYSTEM32\DNSAPI.dll
0x00007ffe370d0000 - 0x00007ffe370d8000 	C:\Windows\System32\NSI.dll
0x00007ffe330a0000 - 0x00007ffe330d8000 	C:\Windows\SYSTEM32\IPHLPAPI.DLL
0x00007ffdfc7d0000 - 0x00007ffdfc7de000 	C:\Windows\System32\winrnr.dll
0x00007ffe2a210000 - 0x00007ffe2a225000 	C:\Windows\System32\wshbth.dll
0x00007ffe23fa0000 - 0x00007ffe24012000 	C:\Windows\System32\fwpuclnt.dll
0x00007ffe33600000 - 0x00007ffe33625000 	C:\Windows\SYSTEM32\bcrypt.dll
0x00007ffe24f80000 - 0x00007ffe24f8a000 	C:\Windows\System32\rasadhlp.dll
0x00007ffe2a4c0000 - 0x00007ffe2a4cd000 	C:\Program Files\Java\jre1.8.0_192\bin\management.dll
0x00007ffe0ef10000 - 0x00007ffe0ef2a000 	C:\Program Files\Java\jre1.8.0_192\bin\net.dll
0x00007ffe07db0000 - 0x00007ffe07dc1000 	C:\Program Files\Java\jre1.8.0_192\bin\nio.dll
0x00007ffe334d0000 - 0x00007ffe334e7000 	C:\Windows\SYSTEM32\CRYPTSP.dll
0x00007ffe32f00000 - 0x00007ffe32f33000 	C:\Windows\system32\rsaenh.dll
0x00007ffe339a0000 - 0x00007ffe339c8000 	C:\Windows\SYSTEM32\USERENV.dll
0x00007ffe334f0000 - 0x00007ffe334fb000 	C:\Windows\SYSTEM32\CRYPTBASE.dll
0x00007ffe25940000 - 0x00007ffe25956000 	C:\Windows\SYSTEM32\dhcpcsvc6.DLL
0x00007ffe25f60000 - 0x00007ffe25f7a000 	C:\Windows\SYSTEM32\dhcpcsvc.DLL

VM Arguments:
jvm_args: -agentlib:jdwp=transport=dt_socket,suspend=y,address=localhost:63841 -javaagent:C:\Users\emirdon\eclipse\java-2018-09\eclipse\configuration\org.eclipse.osgi\237\0\.cp\lib\javaagent-shaded.jar -Dfile.encoding=UTF-8 
java_command: rafi_naru.qsr.main.MainPayload
java_class_path (initial): C:\Users\emirdon\eclipse-workspace\rafi_naru\target\classes;C:\Users\emirdon\.m2\repository\org\apache\flink\flink-java\1.7.0\flink-java-1.7.0.jar;C:\Users\emirdon\.m2\repository\org\apache\flink\flink-core\1.7.0\flink-core-1.7.0.jar;C:\Users\emirdon\.m2\repository\org\apache\flink\flink-annotations\1.7.0\flink-annotations-1.7.0.jar;C:\Users\emirdon\.m2\repository\org\apache\flink\flink-metrics-core\1.7.0\flink-metrics-core-1.7.0.jar;C:\Users\emirdon\.m2\repository\com\esotericsoftware\kryo\kryo\2.24.0\kryo-2.24.0.jar;C:\Users\emirdon\.m2\repository\com\esotericsoftware\minlog\minlog\1.2\minlog-1.2.jar;C:\Users\emirdon\.m2\repository\org\objenesis\objenesis\2.1\objenesis-2.1.jar;C:\Users\emirdon\.m2\repository\commons-collections\commons-collections\3.2.2\commons-collections-3.2.2.jar;C:\Users\emirdon\.m2\repository\org\apache\commons\commons-compress\1.4.1\commons-compress-1.4.1.jar;C:\Users\emirdon\.m2\repository\org\tukaani\xz\1.0\xz-1.0.jar;C:\Users\emirdon\.m2\repository\org\apache\flink\flink-shaded-asm\5.0.4-5.0\flink-shaded-asm-5.0.4-5.0.jar;C:\Users\emirdon\.m2\repository\org\apache\commons\commons-lang3\3.3.2\commons-lang3-3.3.2.jar;C:\Users\emirdon\.m2\repository\org\apache\commons\commons-math3\3.5\commons-math3-3.5.jar;C:\Users\emirdon\.m2\repository\org\slf4j\slf4j-api\1.7.15\slf4j-api-1.7.15.jar;C:\Users\emirdon\.m2\repository\com\google\code\findbugs\jsr305\1.3.9\jsr305-1.3.9.jar;C:\Users\emirdon\.m2\repository\org\apache\flink\force-shading\1.7.0\force-shading-1.7.0.jar;C:\Users\emirdon\.m2\repository\org\apache\flink\flink-streaming-java_2.11\1.7.0\flink-streaming-java_2.11-1.7.0.jar;C:\Users\emirdon\.m2\repository\org\apache\flink\flink-runtime_2.11\1.7.0\flink-runtime_2.11-1.7.0.jar;C:\Users\emirdon\.m2\repository\org\apache\flink\flink-queryable-state-client-java_2.11\1.7.0\flink-queryable-state-client-java_2.11-1.7.0.jar;C:\Users\emirdon\.m2\repository\org\apache\flink\flink-hadoop-fs\1.7.0\flink-hadoop-fs-1.7.0.jar
Launcher Type: SUN_STANDARD

Environment Variables:
JAVA_HOME=C:\Program Files\Java\jdk1.8.0_192
PATH=C:/Program Files/Java/jre1.8.0_192/bin/server;C:/Program Files/Java/jre1.8.0_192/bin;C:/Program Files/Java/jre1.8.0_192/lib/amd64;C:\Program Files (x86)\Google\Chrome\Application;C:\Program Files (x86)\Common Files\Oracle\Java\javapath;C:\Program Files (x86)\Intel\Intel(R) Management Engine Components\iCLS\;C:\Program Files\Intel\Intel(R) Management Engine Components\iCLS\;C:\Windows\system32;C:\Windows;C:\Windows\System32\Wbem;C:\Windows\System32\WindowsPowerShell\v1.0\;C:\Windows\System32\OpenSSH\;C:\Program Files (x86)\Intel\Intel(R) Management Engine Components\DAL;C:\Program Files\Intel\Intel(R) Management Engine Components\DAL;C:\Program Files (x86)\Intel\Intel(R) Management Engine Components\IPT;C:\Program Files\Intel\Intel(R) Management Engine Components\IPT;C:\Program Files (x86)\NVIDIA Corporation\PhysX\Common;C:\Program Files\NVIDIA Corporation\NVIDIA NvDLISR;C:\Program Files\Microsoft VS Code\bin;C:\Program Files\MIT\Kerberos\bin;C:\Program Files\Java\jdk1.8.0_192\bin;C:\Users\emirdon\AppData\Local\Microsoft\WindowsApps;C:\Users\emirdon\AppData\Local\GitHubDesktop\bin;C:\Users\emirdon\Downloads;
USERNAME=emirdon
OS=Windows_NT
PROCESSOR_IDENTIFIER=Intel64 Family 6 Model 158 Stepping 10, GenuineIntel



---------------  S Y S T E M  ---------------

OS: Windows 10.0 , 64 bit Build 17134 (10.0.17134.1)

CPU:total 12 (initial active 12) (6 cores per cpu, 2 threads per core) family 6 model 158 stepping 10, cmov, cx8, fxsr, mmx, sse, sse2, sse3, ssse3, sse4.1, sse4.2, popcnt, avx, avx2, aes, clmul, erms, 3dnowpref, lzcnt, ht, tsc, tscinvbit, bmi1, bmi2, adx

Memory: 4k page, physical 16508032k(4673420k free), swap 21643636k(2830972k free)

vm_info: Java HotSpot(TM) 64-Bit Server VM (25.192-b12) for windows-amd64 JRE (1.8.0_192-b12), built on Oct  6 2018 17:12:23 by "java_re" with MS VC++ 10.0 (VS2010)

time: Wed Dec 05 20:32:36 2018
timezone: SE Asia Standard Time
elapsed time: 227 seconds (0d 0h 3m 47s)

